<?xml version="1.0" encoding="UTF-8"?>
<!-- Generated by org.testng.reporters.JUnitReportReporter -->
<testsuite hostname="DESKTOP-OI11RVG" failures="0" tests="1" name="NewTest1" time="117.011" errors="0" timestamp="2022-10-12T15:26:41 IST" skipped="0">
  <testcase classname="NewTest1" name="f" time="117.011"/>
  <system-out/>
</testsuite> <!-- NewTest1 -->
