<?xml version="1.0" encoding="UTF-8"?>
<!-- Generated by org.testng.reporters.JUnitReportReporter -->
<testsuite hostname="DESKTOP-OI11RVG" failures="0" tests="1" name="NewTest" time="115.938" errors="0" timestamp="2022-10-12T15:23:38 IST" skipped="0">
  <testcase classname="NewTest" name="f" time="115.938"/>
  <system-out/>
</testsuite> <!-- NewTest -->
